<?xml version="1.0" encoding="UTF-8"?>
<!-- Generated by org.testng.reporters.JUnitXMLReporter -->
<testsuite ignored="0" hostname="Bala-PC" failures="1"
	tests="4" name="MavenTestNGTest1" time="6.604" errors="0"
	timestamp="2023-09-28T12:15:56 EDT">
	<testcase classname="mavenpackage.Parameterization"
		name="optional" time="0.007" />
	<testcase classname="mavenpackage.Parameterization"
		name="parameterizedTest" time="0.005" />
	<testcase classname="mavenpackage.FirstTestNGFile"
		name="verifyTitle" time="0.009">
		<failure type="java.lang.NullPointerException"
			message="Cannot invoke &amp;quot;org.openqa.selenium.WebDriver.getTitle()&amp;quot; because &amp;quot;this.driver&amp;quot; is null">
      <![CDATA[java.lang.NullPointerException: Cannot invoke "org.openqa.selenium.WebDriver.getTitle()" because "this.driver" is null
at mavenpackage.FirstTestNGFile.verifyTitle(FirstTestNGFile.java:40)
at java.base/java.util.concurrent.ThreadPoolExecutor.runWorker(ThreadPoolExecutor.java:1136)
at java.base/java.util.concurrent.ThreadPoolExecutor$Worker.run(ThreadPoolExecutor.java:635)
at java.base/java.lang.Thread.run(Thread.java:833)
... Removed 12 stack frames]]>
		</failure>
	</testcase> <!-- verifyTitle -->
	<testcase classname="mavenpackage.FirstMavenExercise"
		name="mavenTest" time="1.971" />
</testsuite> <!-- MavenTestNGTest1 -->
